

> web@1.1.0 build
> next build

 ⚠ Found lockfile missing swc dependencies, run next locally to automatically patch
   ▲ Next.js 15.3.4

   Creating an optimized production build ...
 ⚠ Found lockfile missing swc dependencies, run next locally to automatically patch
getaddrinfo EAI_AGAIN fonts.googleapis.com

Retrying 1/3...
getaddrinfo EAI_AGAIN fonts.googleapis.com

Retrying 2/3...
getaddrinfo EAI_AGAIN fonts.googleapis.com

Retrying 3/3...
[Error: getaddrinfo EAI_AGAIN fonts.googleapis.com] {
  errno: -3001,
  code: 'EAI_AGAIN',
  syscall: 'getaddrinfo',
  hostname: 'fonts.googleapis.com'
}
Failed to compile.

app/layout.tsx
`next/font` error:
Failed to fetch `Poppins` from Google Fonts.


> Build failed because of webpack errors
[1mnpm[22m [31merror[39m Lifecycle script `build` failed with error:
[1mnpm[22m [31merror[39m [94mcode[39m [33m1[39m
[1mnpm[22m [31merror[39m [94mpath[39m /home/runner/work/getdione.app/getdione.app/apps/web
[1mnpm[22m [31merror[39m [94mworkspace[39m web@1.1.0
[1mnpm[22m [31merror[39m [94mlocation[39m /home/runner/work/getdione.app/getdione.app/apps/web
[1mnpm[22m [31merror[39m command failed
[1mnpm[22m [31merror[39m [94mcommand[39m sh -c next build
